<?xml version="1.0" encoding="UTF-8"?>
<testsuite name="com.addressbook.AddressTest" tests="1" skipped="0" failures="0" errors="0" timestamp="2019-12-06T13:15:15" hostname="admin293-H110M-H" time="0.0">
  <properties/>
  <testcase name="ifIncorrectFileName_to_DeleteAFile_ShouldReturn_FileNotDeleted" classname="com.addressbook.AddressTest" time="0.0"/>
  <system-out><![CDATA[]]></system-out>
  <system-err><![CDATA[]]></system-err>
</testsuite>
