<?xml version="1.0" encoding="UTF-8"?>
<testsuite name="com.addressbook.AddressTest" tests="1" skipped="0" failures="0" errors="0" timestamp="2019-12-05T05:53:23" hostname="admin293-H110M-H" time="0.003">
  <properties/>
  <testcase name="ifFileDoesNotExists_thenReturn_NotPresent" classname="com.addressbook.AddressTest" time="0.003"/>
  <system-out><![CDATA[]]></system-out>
  <system-err><![CDATA[]]></system-err>
</testsuite>
