<?xml version="1.0" encoding="UTF-8"?>
<testsuite name="com.addressbook.AddressTest" tests="1" skipped="0" failures="0" errors="0" timestamp="2019-12-06T12:41:54" hostname="admin293-H110M-H" time="0.001">
  <properties/>
  <testcase name="To_createA_File_ShouldReturn_FileNOtCreated_ShouldThrowException" classname="com.addressbook.AddressTest" time="0.001"/>
  <system-out><![CDATA[]]></system-out>
  <system-err><![CDATA[]]></system-err>
</testsuite>
